(?<host>\S*) (?<clock>{.*})\n(?<event>.*)

Slave:5555 {"Slave:5555":1}
Initialization Complete
Slave:5555 {"Master":3, "Slave:5555":2}
Time request received
Slave:5555 {"Slave:5555":3, "Master":3}
Local time sent
Slave:5555 {"Slave:5555":4, "Master":8, "Slave:5556":3}
Synchronized time received
Slave:5555 {"Slave:5555":5, "Master":8, "Slave:5556":3}
INFO-Local time synchronized
Slave:5555 {"Slave:5555":6, "Master":10, "Slave:5556":3}
Time request received
Slave:5555 {"Slave:5555":7, "Master":10, "Slave:5556":3}
Local time sent
Slave:5555 {"Slave:5555":8, "Master":14, "Slave:5556":7}
Synchronized time received
Slave:5555 {"Master":14, "Slave:5556":7, "Slave:5555":9}
INFO-Local time synchronized
Slave:5556 {"Slave:5556":1}
Initialization Complete
Slave:5556 {"Slave:5556":2, "Master":2}
Time request received
Slave:5556 {"Slave:5556":3, "Master":2}
Local time sent
Slave:5556 {"Slave:5556":4, "Master":7, "Slave:5555":3}
Synchronized time received
Slave:5556 {"Slave:5556":5, "Master":7, "Slave:5555":3}
INFO-Local time synchronized
Slave:5556 {"Slave:5556":6, "Master":9, "Slave:5555":3}
Time request received
Slave:5556 {"Slave:5556":7, "Master":9, "Slave:5555":3}
Local time sent
Slave:5556 {"Slave:5556":8, "Master":15, "Slave:5555":7}
Synchronized time received
Slave:5556 {"Slave:5556":9, "Master":15, "Slave:5555":7}
INFO-Local time synchronized
Master {"Master":1}
Initialization Complete
Master {"Master":2}
Time request sent
Master {"Master":3}
Time request sent
Master {"Master":4, "Slave:5556":3}
Time received
Master {"Slave:5555":3, "Master":5, "Slave:5556":3}
Time received
Master {"Slave:5555":3, "Master":6, "Slave:5556":3}
INFO-Local Time Synchronized
Master {"Slave:5555":3, "Master":7, "Slave:5556":3}
Sending Synchronized time
Master {"Slave:5556":3, "Slave:5555":3, "Master":8}
Sending Synchronized time
Master {"Master":9, "Slave:5556":3, "Slave:5555":3}
Time request sent
Master {"Master":10, "Slave:5556":3, "Slave:5555":3}
Time request sent
Master {"Master":11, "Slave:5556":7, "Slave:5555":3}
Time received
Master {"Slave:5555":7, "Master":12, "Slave:5556":7}
Time received
Master {"Master":13, "Slave:5556":7, "Slave:5555":7}
INFO-Local Time Synchronized
Master {"Master":14, "Slave:5556":7, "Slave:5555":7}
Sending Synchronized time
Master {"Master":15, "Slave:5556":7, "Slave:5555":7}
Sending Synchronized time
